# JRE version: OpenJDK Runtime Environment GraalVM CE 22.3.0 (17.0.5+8) (build 17.0.5+8-jvmci-22.3-b08)
# Java VM: OpenJDK 64-Bit Server VM GraalVM CE 22.3.0 (17.0.5+8-jvmci-22.3-b08, mixed mode, sharing, tiered, jvmci, jvmci compiler, compressed oops, compressed class ptrs, parallel gc, linux-amd64)
GC Precious Log:
 CPUs: 8 total, 1 available
 Memory: 1024M
 Large Page Support: Disabled
 NUMA Support: Disabled
 Compressed Oops: Enabled (32-bit)
 Alignments: Space 512K, Generation 512K, Heap 2M
 Heap Min Capacity: 100M
 Heap Initial Capacity: 100M
 Heap Max Capacity: 512M
 Pre-touch: Disabled
 Parallel Workers: 1
Heap:
 PSYoungGen      total 52224K, used 29183K [0x00000000f5580000, 0x00000000fa280000, 0x0000000100000000)
  eden space 29184K, 99% used [0x00000000f5580000,0x00000000f71ffff0,0x00000000f7200000)
  from space 23040K, 0% used [0x00000000f8c00000,0x00000000f8c00000,0x00000000fa280000)
  to   space 18432K, 0% used [0x00000000f7200000,0x00000000f7200000,0x00000000f8400000)
 ParOldGen       total 349696K, used 349695K [0x00000000e0000000, 0x00000000f5580000, 0x00000000f5580000)
  object space 349696K, 99% used [0x00000000e0000000,0x00000000f557fff0,0x00000000f5580000)
 Metaspace       used 56585K, committed 57600K, reserved 1105920K
  class space    used 5329K, committed 5760K, reserved 1048576K
GC Heap History (20 events):
Event: 1064.652 GC heap before
{Heap before GC invocations=770 (full 695):
 PSYoungGen      total 52224K, used 29183K [0x00000000f5580000, 0x00000000fa280000, 0x0000000100000000)
  eden space 29184K, 99% used [0x00000000f5580000,0x00000000f71ffff8,0x00000000f7200000)
  from space 23040K, 0% used [0x00000000f8c00000,0x00000000f8c00000,0x00000000fa280000)
  to   space 18432K, 0% used [0x00000000f7200000,0x00000000f7200000,0x00000000f8400000)
 ParOldGen       total 349696K, used 349695K [0x00000000e0000000, 0x00000000f5580000, 0x00000000f5580000)
  object space 349696K, 99% used [0x00000000e0000000,0x00000000f557fe98,0x00000000f5580000)
 Metaspace       used 56585K, committed 57600K, reserved 1105920K
  class space    used 5329K, committed 5760K, reserved 1048576K
}
Event: 1065.754 GC heap after
{Heap after GC invocations=770 (full 695):
 PSYoungGen      total 47616K, used 29183K [0x00000000f5580000, 0x00000000fa280000, 0x0000000100000000)
  eden space 29184K, 99% used [0x00000000f5580000,0x00000000f71fffd8,0x00000000f7200000)
  from space 18432K, 0% used [0x00000000f7200000,0x00000000f7200000,0x00000000f8400000)
  to   space 23040K, 0% used [0x00000000f8c00000,0x00000000f8c00000,0x00000000fa280000)
 ParOldGen       total 349696K, used 349695K [0x00000000e0000000, 0x00000000f5580000, 0x00000000f5580000)
  object space 349696K, 99% used [0x00000000e0000000,0x00000000f557fe98,0x00000000f5580000)
 Metaspace       used 56585K, committed 57600K, reserved 1105920K
  class space    used 5329K, committed 5760K, reserved 1048576K
}
Event: 1065.755 GC heap before
{Heap before GC invocations=771 (full 696):
 PSYoungGen      total 47616K, used 29183K [0x00000000f5580000, 0x00000000fa280000, 0x0000000100000000)
  eden space 29184K, 99% used [0x00000000f5580000,0x00000000f71ffff8,0x00000000f7200000)
  from space 18432K, 0% used [0x00000000f7200000,0x00000000f7200000,0x00000000f8400000)
  to   space 23040K, 0% used [0x00000000f8c00000,0x00000000f8c00000,0x00000000fa280000)
 ParOldGen       total 349696K, used 349695K [0x00000000e0000000, 0x00000000f5580000, 0x00000000f5580000)
  object space 349696K, 99% used [0x00000000e0000000,0x00000000f557fe98,0x00000000f5580000)
 Metaspace       used 56585K, committed 57600K, reserved 1105920K
  class space    used 5329K, committed 5760K, reserved 1048576K
}
Event: 1066.967 GC heap after
{Heap after GC invocations=771 (full 696):
 PSYoungGen      total 52224K, used 29183K [0x00000000f5580000, 0x00000000fa280000, 0x0000000100000000)
  eden space 29184K, 99% used [0x00000000f5580000,0x00000000f71fffd8,0x00000000f7200000)
  from space 23040K, 0% used [0x00000000f8c00000,0x00000000f8c00000,0x00000000fa280000)
  to   space 18432K, 0% used [0x00000000f7200000,0x00000000f7200000,0x00000000f8400000)
 ParOldGen       total 349696K, used 349695K [0x00000000e0000000, 0x00000000f5580000, 0x00000000f5580000)
  object space 349696K, 99% used [0x00000000e0000000,0x00000000f557fe98,0x00000000f5580000)
 Metaspace       used 56585K, committed 57600K, reserved 1105920K
  class space    used 5329K, committed 5760K, reserved 1048576K
}
Event: 1066.968 GC heap before
{Heap before GC invocations=772 (full 697):
 PSYoungGen      total 52224K, used 29183K [0x00000000f5580000, 0x00000000fa280000, 0x0000000100000000)
  eden space 29184K, 99% used [0x00000000f5580000,0x00000000f71ffff8,0x00000000f7200000)
  from space 23040K, 0% used [0x00000000f8c00000,0x00000000f8c00000,0x00000000fa280000)
  to   space 18432K, 0% used [0x00000000f7200000,0x00000000f7200000,0x00000000f8400000)
 ParOldGen       total 349696K, used 349695K [0x00000000e0000000, 0x00000000f5580000, 0x00000000f5580000)
  object space 349696K, 99% used [0x00000000e0000000,0x00000000f557fe98,0x00000000f5580000)
 Metaspace       used 56585K, committed 57600K, reserved 1105920K
  class space    used 5329K, committed 5760K, reserved 1048576K
}
Event: 1068.094 GC heap after
{Heap after GC invocations=772 (full 697):
 PSYoungGen      total 47616K, used 29183K [0x00000000f5580000, 0x00000000fa280000, 0x0000000100000000)
  eden space 29184K, 99% used [0x00000000f5580000,0x00000000f71ffff8,0x00000000f7200000)
  from space 18432K, 0% used [0x00000000f7200000,0x00000000f7200000,0x00000000f8400000)
  to   space 23040K, 0% used [0x00000000f8c00000,0x00000000f8c00000,0x00000000fa280000)
 ParOldGen       total 349696K, used 349695K [0x00000000e0000000, 0x00000000f5580000, 0x00000000f5580000)
  object space 349696K, 99% used [0x00000000e0000000,0x00000000f557fe98,0x00000000f5580000)
 Metaspace       used 56585K, committed 57600K, reserved 1105920K
  class space    used 5329K, committed 5760K, reserved 1048576K
}
Event: 1068.095 GC heap before
{Heap before GC invocations=773 (full 698):
 PSYoungGen      total 47616K, used 29183K [0x00000000f5580000, 0x00000000fa280000, 0x0000000100000000)
  eden space 29184K, 99% used [0x00000000f5580000,0x00000000f71ffff8,0x00000000f7200000)
  from space 18432K, 0% used [0x00000000f7200000,0x00000000f7200000,0x00000000f8400000)
  to   space 23040K, 0% used [0x00000000f8c00000,0x00000000f8c00000,0x00000000fa280000)
 ParOldGen       total 349696K, used 349695K [0x00000000e0000000, 0x00000000f5580000, 0x00000000f5580000)
  object space 349696K, 99% used [0x00000000e0000000,0x00000000f557fff0,0x00000000f5580000)
 Metaspace       used 56585K, committed 57600K, reserved 1105920K
  class space    used 5329K, committed 5760K, reserved 1048576K
}
Event: 1069.465 GC heap after
{Heap after GC invocations=773 (full 698):
 PSYoungGen      total 52224K, used 29183K [0x00000000f5580000, 0x00000000fa280000, 0x0000000100000000)
  eden space 29184K, 99% used [0x00000000f5580000,0x00000000f71fff90,0x00000000f7200000)
  from space 23040K, 0% used [0x00000000f8c00000,0x00000000f8c00000,0x00000000fa280000)
  to   space 18432K, 0% used [0x00000000f7200000,0x00000000f7200000,0x00000000f8400000)
 ParOldGen       total 349696K, used 349695K [0x00000000e0000000, 0x00000000f5580000, 0x00000000f5580000)
  object space 349696K, 99% used [0x00000000e0000000,0x00000000f557fff0,0x00000000f5580000)
 Metaspace       used 56585K, committed 57600K, reserved 1105920K
  class space    used 5329K, committed 5760K, reserved 1048576K
}
Event: 1069.466 GC heap before
{Heap before GC invocations=774 (full 699):
 PSYoungGen      total 52224K, used 29183K [0x00000000f5580000, 0x00000000fa280000, 0x0000000100000000)
  eden space 29184K, 99% used [0x00000000f5580000,0x00000000f71ffff0,0x00000000f7200000)
  from space 23040K, 0% used [0x00000000f8c00000,0x00000000f8c00000,0x00000000fa280000)
  to   space 18432K, 0% used [0x00000000f7200000,0x00000000f7200000,0x00000000f8400000)
 ParOldGen       total 349696K, used 349695K [0x00000000e0000000, 0x00000000f5580000, 0x00000000f5580000)
  object space 349696K, 99% used [0x00000000e0000000,0x00000000f557fff0,0x00000000f5580000)
 Metaspace       used 56585K, committed 57600K, reserved 1105920K
  class space    used 5329K, committed 5760K, reserved 1048576K
}
Event: 1070.670 GC heap after
{Heap after GC invocations=774 (full 699):
 PSYoungGen      total 47616K, used 29183K [0x00000000f5580000, 0x00000000fa280000, 0x0000000100000000)
  eden space 29184K, 99% used [0x00000000f5580000,0x00000000f71fffd8,0x00000000f7200000)
  from space 18432K, 0% used [0x00000000f7200000,0x00000000f7200000,0x00000000f8400000)
  to   space 23040K, 0% used [0x00000000f8c00000,0x00000000f8c00000,0x00000000fa280000)
 ParOldGen       total 349696K, used 349695K [0x00000000e0000000, 0x00000000f5580000, 0x00000000f5580000)
  object space 349696K, 99% used [0x00000000e0000000,0x00000000f557fff0,0x00000000f5580000)
 Metaspace       used 56585K, committed 57600K, reserved 1105920K
  class space    used 5329K, committed 5760K, reserved 1048576K
}
Event: 1070.671 GC heap before
{Heap before GC invocations=775 (full 700):
 PSYoungGen      total 47616K, used 29183K [0x00000000f5580000, 0x00000000fa280000, 0x0000000100000000)
  eden space 29184K, 99% used [0x00000000f5580000,0x00000000f71ffff0,0x00000000f7200000)
  from space 18432K, 0% used [0x00000000f7200000,0x00000000f7200000,0x00000000f8400000)
  to   space 23040K, 0% used [0x00000000f8c00000,0x00000000f8c00000,0x00000000fa280000)
 ParOldGen       total 349696K, used 349695K [0x00000000e0000000, 0x00000000f5580000, 0x00000000f5580000)
  object space 349696K, 99% used [0x00000000e0000000,0x00000000f557fff0,0x00000000f5580000)
 Metaspace       used 56585K, committed 57600K, reserved 1105920K
  class space    used 5329K, committed 5760K, reserved 1048576K
}
Event: 1071.774 GC heap after
{Heap after GC invocations=775 (full 700):
 PSYoungGen      total 52224K, used 29183K [0x00000000f5580000, 0x00000000fa280000, 0x0000000100000000)
  eden space 29184K, 99% used [0x00000000f5580000,0x00000000f71ffff0,0x00000000f7200000)
  from space 23040K, 0% used [0x00000000f8c00000,0x00000000f8c00000,0x00000000fa280000)
  to   space 18432K, 0% used [0x00000000f7200000,0x00000000f7200000,0x00000000f8400000)
 ParOldGen       total 349696K, used 349695K [0x00000000e0000000, 0x00000000f5580000, 0x00000000f5580000)
  object space 349696K, 99% used [0x00000000e0000000,0x00000000f557fff0,0x00000000f5580000)
 Metaspace       used 56585K, committed 57600K, reserved 1105920K
  class space    used 5329K, committed 5760K, reserved 1048576K
}
Event: 1071.774 GC heap before
{Heap before GC invocations=776 (full 701):
 PSYoungGen      total 52224K, used 29183K [0x00000000f5580000, 0x00000000fa280000, 0x0000000100000000)
  eden space 29184K, 99% used [0x00000000f5580000,0x00000000f71ffff0,0x00000000f7200000)
  from space 23040K, 0% used [0x00000000f8c00000,0x00000000f8c00000,0x00000000fa280000)
  to   space 18432K, 0% used [0x00000000f7200000,0x00000000f7200000,0x00000000f8400000)
 ParOldGen       total 349696K, used 349695K [0x00000000e0000000, 0x00000000f5580000, 0x00000000f5580000)
  object space 349696K, 99% used [0x00000000e0000000,0x00000000f557fff0,0x00000000f5580000)
 Metaspace       used 56585K, committed 57600K, reserved 1105920K
  class space    used 5329K, committed 5760K, reserved 1048576K
}
Event: 1073.044 GC heap after
{Heap after GC invocations=776 (full 701):
 PSYoungGen      total 47616K, used 29183K [0x00000000f5580000, 0x00000000fa280000, 0x0000000100000000)
  eden space 29184K, 99% used [0x00000000f5580000,0x00000000f71ffff0,0x00000000f7200000)
  from space 18432K, 0% used [0x00000000f7200000,0x00000000f7200000,0x00000000f8400000)
  to   space 23040K, 0% used [0x00000000f8c00000,0x00000000f8c00000,0x00000000fa280000)
 ParOldGen       total 349696K, used 349695K [0x00000000e0000000, 0x00000000f5580000, 0x00000000f5580000)
  object space 349696K, 99% used [0x00000000e0000000,0x00000000f557fff0,0x00000000f5580000)
 Metaspace       used 56585K, committed 57600K, reserved 1105920K
  class space    used 5329K, committed 5760K, reserved 1048576K
}
Event: 1073.046 GC heap before
{Heap before GC invocations=777 (full 702):
 PSYoungGen      total 47616K, used 29183K [0x00000000f5580000, 0x00000000fa280000, 0x0000000100000000)
  eden space 29184K, 99% used [0x00000000f5580000,0x00000000f71ffff0,0x00000000f7200000)
  from space 18432K, 0% used [0x00000000f7200000,0x00000000f7200000,0x00000000f8400000)
  to   space 23040K, 0% used [0x00000000f8c00000,0x00000000f8c00000,0x00000000fa280000)
 ParOldGen       total 349696K, used 349695K [0x00000000e0000000, 0x00000000f5580000, 0x00000000f5580000)
  object space 349696K, 99% used [0x00000000e0000000,0x00000000f557fff0,0x00000000f5580000)
 Metaspace       used 56585K, committed 57600K, reserved 1105920K
  class space    used 5329K, committed 5760K, reserved 1048576K
}
Event: 1074.239 GC heap after
{Heap after GC invocations=777 (full 702):
 PSYoungGen      total 52224K, used 29183K [0x00000000f5580000, 0x00000000fa280000, 0x0000000100000000)
  eden space 29184K, 99% used [0x00000000f5580000,0x00000000f71ffff0,0x00000000f7200000)
  from space 23040K, 0% used [0x00000000f8c00000,0x00000000f8c00000,0x00000000fa280000)
  to   space 18432K, 0% used [0x00000000f7200000,0x00000000f7200000,0x00000000f8400000)
 ParOldGen       total 349696K, used 349694K [0x00000000e0000000, 0x00000000f5580000, 0x00000000f5580000)
  object space 349696K, 99% used [0x00000000e0000000,0x00000000f557fa50,0x00000000f5580000)
 Metaspace       used 56585K, committed 57600K, reserved 1105920K
  class space    used 5329K, committed 5760K, reserved 1048576K
}
Event: 1074.242 GC heap before
{Heap before GC invocations=778 (full 703):
 PSYoungGen      total 52224K, used 29184K [0x00000000f5580000, 0x00000000fa280000, 0x0000000100000000)
  eden space 29184K, 100% used [0x00000000f5580000,0x00000000f7200000,0x00000000f7200000)
  from space 23040K, 0% used [0x00000000f8c00000,0x00000000f8c00000,0x00000000fa280000)
  to   space 18432K, 0% used [0x00000000f7200000,0x00000000f7200000,0x00000000f8400000)
 ParOldGen       total 349696K, used 349695K [0x00000000e0000000, 0x00000000f5580000, 0x00000000f5580000)
  object space 349696K, 99% used [0x00000000e0000000,0x00000000f557ff50,0x00000000f5580000)
 Metaspace       used 56585K, committed 57600K, reserved 1105920K
  class space    used 5329K, committed 5760K, reserved 1048576K
}
Event: 1075.452 GC heap after
{Heap after GC invocations=778 (full 703):
 PSYoungGen      total 47616K, used 29183K [0x00000000f5580000, 0x00000000fa280000, 0x0000000100000000)
  eden space 29184K, 99% used [0x00000000f5580000,0x00000000f71fffd0,0x00000000f7200000)
  from space 18432K, 0% used [0x00000000f7200000,0x00000000f7200000,0x00000000f8400000)
  to   space 23040K, 0% used [0x00000000f8c00000,0x00000000f8c00000,0x00000000fa280000)
 ParOldGen       total 349696K, used 349693K [0x00000000e0000000, 0x00000000f5580000, 0x00000000f5580000)
  object space 349696K, 99% used [0x00000000e0000000,0x00000000f557f7d8,0x00000000f5580000)
 Metaspace       used 56585K, committed 57600K, reserved 1105920K
  class space    used 5329K, committed 5760K, reserved 1048576K
}
Event: 1075.452 GC heap before
{Heap before GC invocations=779 (full 704):
 PSYoungGen      total 47616K, used 29183K [0x00000000f5580000, 0x00000000fa280000, 0x0000000100000000)
  eden space 29184K, 99% used [0x00000000f5580000,0x00000000f71fffd0,0x00000000f7200000)
  from space 18432K, 0% used [0x00000000f7200000,0x00000000f7200000,0x00000000f8400000)
  to   space 23040K, 0% used [0x00000000f8c00000,0x00000000f8c00000,0x00000000fa280000)
 ParOldGen       total 349696K, used 349693K [0x00000000e0000000, 0x00000000f5580000, 0x00000000f5580000)
  object space 349696K, 99% used [0x00000000e0000000,0x00000000f557f7d8,0x00000000f5580000)
 Metaspace       used 56585K, committed 57600K, reserved 1105920K
  class space    used 5329K, committed 5760K, reserved 1048576K
}
Event: 1076.567 GC heap after
{Heap after GC invocations=779 (full 704):
 PSYoungGen      total 52224K, used 29183K [0x00000000f5580000, 0x00000000fa280000, 0x0000000100000000)
  eden space 29184K, 99% used [0x00000000f5580000,0x00000000f71fffd0,0x00000000f7200000)
  from space 23040K, 0% used [0x00000000f8c00000,0x00000000f8c00000,0x00000000fa280000)
  to   space 18432K, 0% used [0x00000000f7200000,0x00000000f7200000,0x00000000f8400000)
 ParOldGen       total 349696K, used 349693K [0x00000000e0000000, 0x00000000f5580000, 0x00000000f5580000)
  object space 349696K, 99% used [0x00000000e0000000,0x00000000f557f7d8,0x00000000f5580000)
 Metaspace       used 56585K, committed 57600K, reserved 1105920K
  class space    used 5329K, committed 5760K, reserved 1048576K
}

