# JRE version: OpenJDK Runtime Environment GraalVM CE 22.3.0 (17.0.5+8) (build 17.0.5+8-jvmci-22.3-b08)
# Java VM: OpenJDK 64-Bit Server VM GraalVM CE 22.3.0 (17.0.5+8-jvmci-22.3-b08, mixed mode, sharing, tiered, jvmci, jvmci compiler, compressed oops, compressed class ptrs, parallel gc, linux-amd64)
GC Precious Log:
 CPUs: 8 total, 1 available
 Memory: 1024M
 Large Page Support: Disabled
 NUMA Support: Disabled
 Compressed Oops: Enabled (32-bit)
 Alignments: Space 512K, Generation 512K, Heap 2M
 Heap Min Capacity: 100M
 Heap Initial Capacity: 100M
 Heap Max Capacity: 512M
 Pre-touch: Disabled
 Parallel Workers: 1
Heap:
 PSYoungGen      total 66560K, used 43007K [0x00000000f5580000, 0x00000000faf00000, 0x0000000100000000)
  eden space 43008K, 99% used [0x00000000f5580000,0x00000000f7f7fff0,0x00000000f7f80000)
  from space 23552K, 0% used [0x00000000f7f80000,0x00000000f7f80000,0x00000000f9680000)
  to   space 21504K, 0% used [0x00000000f9880000,0x00000000f9880000,0x00000000fad80000)
 ParOldGen       total 349696K, used 349695K [0x00000000e0000000, 0x00000000f5580000, 0x00000000f5580000)
  object space 349696K, 99% used [0x00000000e0000000,0x00000000f557ff00,0x00000000f5580000)
 Metaspace       used 61220K, committed 62400K, reserved 1105920K
  class space    used 6026K, committed 6528K, reserved 1048576K
GC Heap History (20 events):
Event: 1487.819 GC heap before
{Heap before GC invocations=1134 (full 1001):
 PSYoungGen      total 66560K, used 43008K [0x00000000f5580000, 0x00000000faf00000, 0x0000000100000000)
  eden space 43008K, 100% used [0x00000000f5580000,0x00000000f7f80000,0x00000000f7f80000)
  from space 23552K, 0% used [0x00000000f7f80000,0x00000000f7f80000,0x00000000f9680000)
  to   space 21504K, 0% used [0x00000000f9880000,0x00000000f9880000,0x00000000fad80000)
 ParOldGen       total 349696K, used 349696K [0x00000000e0000000, 0x00000000f5580000, 0x00000000f5580000)
  object space 349696K, 100% used [0x00000000e0000000,0x00000000f5580000,0x00000000f5580000)
 Metaspace       used 61220K, committed 62400K, reserved 1105920K
  class space    used 6026K, committed 6528K, reserved 1048576K
}
Event: 1489.311 GC heap after
{Heap after GC invocations=1134 (full 1001):
 PSYoungGen      total 64512K, used 43008K [0x00000000f5580000, 0x00000000faf00000, 0x0000000100000000)
  eden space 43008K, 100% used [0x00000000f5580000,0x00000000f7f80000,0x00000000f7f80000)
  from space 21504K, 0% used [0x00000000f9880000,0x00000000f9880000,0x00000000fad80000)
  to   space 23552K, 0% used [0x00000000f7f80000,0x00000000f7f80000,0x00000000f9680000)
 ParOldGen       total 349696K, used 349696K [0x00000000e0000000, 0x00000000f5580000, 0x00000000f5580000)
  object space 349696K, 100% used [0x00000000e0000000,0x00000000f5580000,0x00000000f5580000)
 Metaspace       used 61220K, committed 62400K, reserved 1105920K
  class space    used 6026K, committed 6528K, reserved 1048576K
}
Event: 1489.311 GC heap before
{Heap before GC invocations=1135 (full 1002):
 PSYoungGen      total 64512K, used 43008K [0x00000000f5580000, 0x00000000faf00000, 0x0000000100000000)
  eden space 43008K, 100% used [0x00000000f5580000,0x00000000f7f80000,0x00000000f7f80000)
  from space 21504K, 0% used [0x00000000f9880000,0x00000000f9880000,0x00000000fad80000)
  to   space 23552K, 0% used [0x00000000f7f80000,0x00000000f7f80000,0x00000000f9680000)
 ParOldGen       total 349696K, used 349696K [0x00000000e0000000, 0x00000000f5580000, 0x00000000f5580000)
  object space 349696K, 100% used [0x00000000e0000000,0x00000000f5580000,0x00000000f5580000)
 Metaspace       used 61220K, committed 62400K, reserved 1105920K
  class space    used 6026K, committed 6528K, reserved 1048576K
}
Event: 1490.710 GC heap after
{Heap after GC invocations=1135 (full 1002):
 PSYoungGen      total 66560K, used 43007K [0x00000000f5580000, 0x00000000faf00000, 0x0000000100000000)
  eden space 43008K, 99% used [0x00000000f5580000,0x00000000f7f7ff48,0x00000000f7f80000)
  from space 23552K, 0% used [0x00000000f7f80000,0x00000000f7f80000,0x00000000f9680000)
  to   space 21504K, 0% used [0x00000000f9880000,0x00000000f9880000,0x00000000fad80000)
 ParOldGen       total 349696K, used 349695K [0x00000000e0000000, 0x00000000f5580000, 0x00000000f5580000)
  object space 349696K, 99% used [0x00000000e0000000,0x00000000f557fe58,0x00000000f5580000)
 Metaspace       used 61220K, committed 62400K, reserved 1105920K
  class space    used 6026K, committed 6528K, reserved 1048576K
}
Event: 1490.711 GC heap before
{Heap before GC invocations=1136 (full 1003):
 PSYoungGen      total 66560K, used 43007K [0x00000000f5580000, 0x00000000faf00000, 0x0000000100000000)
  eden space 43008K, 99% used [0x00000000f5580000,0x00000000f7f7ffe0,0x00000000f7f80000)
  from space 23552K, 0% used [0x00000000f7f80000,0x00000000f7f80000,0x00000000f9680000)
  to   space 21504K, 0% used [0x00000000f9880000,0x00000000f9880000,0x00000000fad80000)
 ParOldGen       total 349696K, used 349695K [0x00000000e0000000, 0x00000000f5580000, 0x00000000f5580000)
  object space 349696K, 99% used [0x00000000e0000000,0x00000000f557fe58,0x00000000f5580000)
 Metaspace       used 61220K, committed 62400K, reserved 1105920K
  class space    used 6026K, committed 6528K, reserved 1048576K
}
Event: 1492.011 GC heap after
{Heap after GC invocations=1136 (full 1003):
 PSYoungGen      total 64512K, used 43007K [0x00000000f5580000, 0x00000000faf00000, 0x0000000100000000)
  eden space 43008K, 99% used [0x00000000f5580000,0x00000000f7f7ffc0,0x00000000f7f80000)
  from space 21504K, 0% used [0x00000000f9880000,0x00000000f9880000,0x00000000fad80000)
  to   space 23552K, 0% used [0x00000000f7f80000,0x00000000f7f80000,0x00000000f9680000)
 ParOldGen       total 349696K, used 349695K [0x00000000e0000000, 0x00000000f5580000, 0x00000000f5580000)
  object space 349696K, 99% used [0x00000000e0000000,0x00000000f557fe58,0x00000000f5580000)
 Metaspace       used 61220K, committed 62400K, reserved 1105920K
  class space    used 6026K, committed 6528K, reserved 1048576K
}
Event: 1492.012 GC heap before
{Heap before GC invocations=1137 (full 1004):
 PSYoungGen      total 64512K, used 43007K [0x00000000f5580000, 0x00000000faf00000, 0x0000000100000000)
  eden space 43008K, 99% used [0x00000000f5580000,0x00000000f7f7ffc0,0x00000000f7f80000)
  from space 21504K, 0% used [0x00000000f9880000,0x00000000f9880000,0x00000000fad80000)
  to   space 23552K, 0% used [0x00000000f7f80000,0x00000000f7f80000,0x00000000f9680000)
 ParOldGen       total 349696K, used 349695K [0x00000000e0000000, 0x00000000f5580000, 0x00000000f5580000)
  object space 349696K, 99% used [0x00000000e0000000,0x00000000f557ff78,0x00000000f5580000)
 Metaspace       used 61220K, committed 62400K, reserved 1105920K
  class space    used 6026K, committed 6528K, reserved 1048576K
}
Event: 1493.413 GC heap after
{Heap after GC invocations=1137 (full 1004):
 PSYoungGen      total 66560K, used 43007K [0x00000000f5580000, 0x00000000faf00000, 0x0000000100000000)
  eden space 43008K, 99% used [0x00000000f5580000,0x00000000f7f7ffc0,0x00000000f7f80000)
  from space 23552K, 0% used [0x00000000f7f80000,0x00000000f7f80000,0x00000000f9680000)
  to   space 21504K, 0% used [0x00000000f9880000,0x00000000f9880000,0x00000000fad80000)
 ParOldGen       total 349696K, used 349695K [0x00000000e0000000, 0x00000000f5580000, 0x00000000f5580000)
  object space 349696K, 99% used [0x00000000e0000000,0x00000000f557ff78,0x00000000f5580000)
 Metaspace       used 61220K, committed 62400K, reserved 1105920K
  class space    used 6026K, committed 6528K, reserved 1048576K
}
Event: 1493.413 GC heap before
{Heap before GC invocations=1138 (full 1005):
 PSYoungGen      total 66560K, used 43007K [0x00000000f5580000, 0x00000000faf00000, 0x0000000100000000)
  eden space 43008K, 99% used [0x00000000f5580000,0x00000000f7f7ffc0,0x00000000f7f80000)
  from space 23552K, 0% used [0x00000000f7f80000,0x00000000f7f80000,0x00000000f9680000)
  to   space 21504K, 0% used [0x00000000f9880000,0x00000000f9880000,0x00000000fad80000)
 ParOldGen       total 349696K, used 349695K [0x00000000e0000000, 0x00000000f5580000, 0x00000000f5580000)
  object space 349696K, 99% used [0x00000000e0000000,0x00000000f557ff78,0x00000000f5580000)
 Metaspace       used 61220K, committed 62400K, reserved 1105920K
  class space    used 6026K, committed 6528K, reserved 1048576K
}
Event: 1494.832 GC heap after
{Heap after GC invocations=1138 (full 1005):
 PSYoungGen      total 64512K, used 43007K [0x00000000f5580000, 0x00000000faf00000, 0x0000000100000000)
  eden space 43008K, 99% used [0x00000000f5580000,0x00000000f7f7ffc0,0x00000000f7f80000)
  from space 21504K, 0% used [0x00000000f9880000,0x00000000f9880000,0x00000000fad80000)
  to   space 23552K, 0% used [0x00000000f7f80000,0x00000000f7f80000,0x00000000f9680000)
 ParOldGen       total 349696K, used 349695K [0x00000000e0000000, 0x00000000f5580000, 0x00000000f5580000)
  object space 349696K, 99% used [0x00000000e0000000,0x00000000f557ff78,0x00000000f5580000)
 Metaspace       used 61220K, committed 62400K, reserved 1105920K
  class space    used 6026K, committed 6528K, reserved 1048576K
}
Event: 1494.832 GC heap before
{Heap before GC invocations=1139 (full 1006):
 PSYoungGen      total 64512K, used 43008K [0x00000000f5580000, 0x00000000faf00000, 0x0000000100000000)
  eden space 43008K, 100% used [0x00000000f5580000,0x00000000f7f80000,0x00000000f7f80000)
  from space 21504K, 0% used [0x00000000f9880000,0x00000000f9880000,0x00000000fad80000)
  to   space 23552K, 0% used [0x00000000f7f80000,0x00000000f7f80000,0x00000000f9680000)
 ParOldGen       total 349696K, used 349695K [0x00000000e0000000, 0x00000000f5580000, 0x00000000f5580000)
  object space 349696K, 99% used [0x00000000e0000000,0x00000000f557fff8,0x00000000f5580000)
 Metaspace       used 61220K, committed 62400K, reserved 1105920K
  class space    used 6026K, committed 6528K, reserved 1048576K
}
Event: 1496.156 GC heap after
{Heap after GC invocations=1139 (full 1006):
 PSYoungGen      total 66560K, used 43007K [0x00000000f5580000, 0x00000000faf00000, 0x0000000100000000)
  eden space 43008K, 99% used [0x00000000f5580000,0x00000000f7f7fe38,0x00000000f7f80000)
  from space 23552K, 0% used [0x00000000f7f80000,0x00000000f7f80000,0x00000000f9680000)
  to   space 21504K, 0% used [0x00000000f9880000,0x00000000f9880000,0x00000000fad80000)
 ParOldGen       total 349696K, used 349695K [0x00000000e0000000, 0x00000000f5580000, 0x00000000f5580000)
  object space 349696K, 99% used [0x00000000e0000000,0x00000000f557fc88,0x00000000f5580000)
 Metaspace       used 61220K, committed 62400K, reserved 1105920K
  class space    used 6026K, committed 6528K, reserved 1048576K
}
Event: 1496.205 GC heap before
{Heap before GC invocations=1140 (full 1007):
 PSYoungGen      total 66560K, used 43007K [0x00000000f5580000, 0x00000000faf00000, 0x0000000100000000)
  eden space 43008K, 99% used [0x00000000f5580000,0x00000000f7f7fe70,0x00000000f7f80000)
  from space 23552K, 0% used [0x00000000f7f80000,0x00000000f7f80000,0x00000000f9680000)
  to   space 21504K, 0% used [0x00000000f9880000,0x00000000f9880000,0x00000000fad80000)
 ParOldGen       total 349696K, used 349695K [0x00000000e0000000, 0x00000000f5580000, 0x00000000f5580000)
  object space 349696K, 99% used [0x00000000e0000000,0x00000000f557fc88,0x00000000f5580000)
 Metaspace       used 61220K, committed 62400K, reserved 1105920K
  class space    used 6026K, committed 6528K, reserved 1048576K
}
Event: 1497.605 GC heap after
{Heap after GC invocations=1140 (full 1007):
 PSYoungGen      total 64512K, used 43007K [0x00000000f5580000, 0x00000000faf00000, 0x0000000100000000)
  eden space 43008K, 99% used [0x00000000f5580000,0x00000000f7f7fe50,0x00000000f7f80000)
  from space 21504K, 0% used [0x00000000f9880000,0x00000000f9880000,0x00000000fad80000)
  to   space 23552K, 0% used [0x00000000f7f80000,0x00000000f7f80000,0x00000000f9680000)
 ParOldGen       total 349696K, used 349695K [0x00000000e0000000, 0x00000000f5580000, 0x00000000f5580000)
  object space 349696K, 99% used [0x00000000e0000000,0x00000000f557fc88,0x00000000f5580000)
 Metaspace       used 61220K, committed 62400K, reserved 1105920K
  class space    used 6026K, committed 6528K, reserved 1048576K
}
Event: 1497.605 GC heap before
{Heap before GC invocations=1141 (full 1008):
 PSYoungGen      total 64512K, used 43007K [0x00000000f5580000, 0x00000000faf00000, 0x0000000100000000)
  eden space 43008K, 99% used [0x00000000f5580000,0x00000000f7f7fe50,0x00000000f7f80000)
  from space 21504K, 0% used [0x00000000f9880000,0x00000000f9880000,0x00000000fad80000)
  to   space 23552K, 0% used [0x00000000f7f80000,0x00000000f7f80000,0x00000000f9680000)
 ParOldGen       total 349696K, used 349695K [0x00000000e0000000, 0x00000000f5580000, 0x00000000f5580000)
  object space 349696K, 99% used [0x00000000e0000000,0x00000000f557fc88,0x00000000f5580000)
 Metaspace       used 61220K, committed 62400K, reserved 1105920K
  class space    used 6026K, committed 6528K, reserved 1048576K
}
Event: 1499.040 GC heap after
{Heap after GC invocations=1141 (full 1008):
 PSYoungGen      total 66560K, used 43007K [0x00000000f5580000, 0x00000000faf00000, 0x0000000100000000)
  eden space 43008K, 99% used [0x00000000f5580000,0x00000000f7f7fe50,0x00000000f7f80000)
  from space 23552K, 0% used [0x00000000f7f80000,0x00000000f7f80000,0x00000000f9680000)
  to   space 21504K, 0% used [0x00000000f9880000,0x00000000f9880000,0x00000000fad80000)
 ParOldGen       total 349696K, used 349695K [0x00000000e0000000, 0x00000000f5580000, 0x00000000f5580000)
  object space 349696K, 99% used [0x00000000e0000000,0x00000000f557fc88,0x00000000f5580000)
 Metaspace       used 61220K, committed 62400K, reserved 1105920K
  class space    used 6026K, committed 6528K, reserved 1048576K
}
Event: 1499.040 GC heap before
{Heap before GC invocations=1142 (full 1009):
 PSYoungGen      total 66560K, used 43007K [0x00000000f5580000, 0x00000000faf00000, 0x0000000100000000)
  eden space 43008K, 99% used [0x00000000f5580000,0x00000000f7f7fe70,0x00000000f7f80000)
  from space 23552K, 0% used [0x00000000f7f80000,0x00000000f7f80000,0x00000000f9680000)
  to   space 21504K, 0% used [0x00000000f9880000,0x00000000f9880000,0x00000000fad80000)
 ParOldGen       total 349696K, used 349695K [0x00000000e0000000, 0x00000000f5580000, 0x00000000f5580000)
  object space 349696K, 99% used [0x00000000e0000000,0x00000000f557fc88,0x00000000f5580000)
 Metaspace       used 61220K, committed 62400K, reserved 1105920K
  class space    used 6026K, committed 6528K, reserved 1048576K
}
Event: 1500.407 GC heap after
{Heap after GC invocations=1142 (full 1009):
 PSYoungGen      total 64512K, used 43007K [0x00000000f5580000, 0x00000000faf00000, 0x0000000100000000)
  eden space 43008K, 99% used [0x00000000f5580000,0x00000000f7f7fe50,0x00000000f7f80000)
  from space 21504K, 0% used [0x00000000f9880000,0x00000000f9880000,0x00000000fad80000)
  to   space 23552K, 0% used [0x00000000f7f80000,0x00000000f7f80000,0x00000000f9680000)
 ParOldGen       total 349696K, used 349695K [0x00000000e0000000, 0x00000000f5580000, 0x00000000f5580000)
  object space 349696K, 99% used [0x00000000e0000000,0x00000000f557fc88,0x00000000f5580000)
 Metaspace       used 61220K, committed 62400K, reserved 1105920K
  class space    used 6026K, committed 6528K, reserved 1048576K
}
Event: 1500.407 GC heap before
{Heap before GC invocations=1143 (full 1010):
 PSYoungGen      total 64512K, used 43007K [0x00000000f5580000, 0x00000000faf00000, 0x0000000100000000)
  eden space 43008K, 99% used [0x00000000f5580000,0x00000000f7f7fe50,0x00000000f7f80000)
  from space 21504K, 0% used [0x00000000f9880000,0x00000000f9880000,0x00000000fad80000)
  to   space 23552K, 0% used [0x00000000f7f80000,0x00000000f7f80000,0x00000000f9680000)
 ParOldGen       total 349696K, used 349695K [0x00000000e0000000, 0x00000000f5580000, 0x00000000f5580000)
  object space 349696K, 99% used [0x00000000e0000000,0x00000000f557fc88,0x00000000f5580000)
 Metaspace       used 61220K, committed 62400K, reserved 1105920K
  class space    used 6026K, committed 6528K, reserved 1048576K
}
Event: 1501.856 GC heap after
{Heap after GC invocations=1143 (full 1010):
 PSYoungGen      total 66560K, used 43007K [0x00000000f5580000, 0x00000000faf00000, 0x0000000100000000)
  eden space 43008K, 99% used [0x00000000f5580000,0x00000000f7f7fe50,0x00000000f7f80000)
  from space 23552K, 0% used [0x00000000f7f80000,0x00000000f7f80000,0x00000000f9680000)
  to   space 21504K, 0% used [0x00000000f9880000,0x00000000f9880000,0x00000000fad80000)
 ParOldGen       total 349696K, used 349695K [0x00000000e0000000, 0x00000000f5580000, 0x00000000f5580000)
  object space 349696K, 99% used [0x00000000e0000000,0x00000000f557fc88,0x00000000f5580000)
 Metaspace       used 61220K, committed 62400K, reserved 1105920K
  class space    used 6026K, committed 6528K, reserved 1048576K
}

