# JRE version: OpenJDK Runtime Environment GraalVM CE 22.3.0 (17.0.5+8) (build 17.0.5+8-jvmci-22.3-b08)
# Java VM: OpenJDK 64-Bit Server VM GraalVM CE 22.3.0 (17.0.5+8-jvmci-22.3-b08, mixed mode, sharing, tiered, jvmci, jvmci compiler, compressed oops, compressed class ptrs, parallel gc, linux-amd64)
GC Precious Log:
 CPUs: 8 total, 1 available
 Memory: 1024M
 Large Page Support: Disabled
 NUMA Support: Disabled
 Compressed Oops: Enabled (32-bit)
 Alignments: Space 512K, Generation 512K, Heap 2M
 Heap Min Capacity: 100M
 Heap Initial Capacity: 100M
 Heap Max Capacity: 512M
 Pre-touch: Disabled
 Parallel Workers: 1
Heap:
 PSYoungGen      total 66048K, used 37376K [0x00000000f5580000, 0x00000000fb600000, 0x0000000100000000)
  eden space 37376K, 100% used [0x00000000f5580000,0x00000000f7a00000,0x00000000f7a00000)
  from space 28672K, 0% used [0x00000000f9a00000,0x00000000f9a00000,0x00000000fb600000)
  to   space 30208K, 0% used [0x00000000f7a00000,0x00000000f7a00000,0x00000000f9780000)
 ParOldGen       total 349696K, used 349695K [0x00000000e0000000, 0x00000000f5580000, 0x00000000f5580000)
  object space 349696K, 99% used [0x00000000e0000000,0x00000000f557fff8,0x00000000f5580000)
 Metaspace       used 62537K, committed 63808K, reserved 1114112K
  class space    used 6205K, committed 6720K, reserved 1048576K
GC Heap History (20 events):
Event: 1148.736 GC heap before
{Heap before GC invocations=974 (full 847):
 PSYoungGen      total 66048K, used 37376K [0x00000000f5580000, 0x00000000fb600000, 0x0000000100000000)
  eden space 37376K, 100% used [0x00000000f5580000,0x00000000f7a00000,0x00000000f7a00000)
  from space 28672K, 0% used [0x00000000f9a00000,0x00000000f9a00000,0x00000000fb600000)
  to   space 30208K, 0% used [0x00000000f7a00000,0x00000000f7a00000,0x00000000f9780000)
 ParOldGen       total 349696K, used 349696K [0x00000000e0000000, 0x00000000f5580000, 0x00000000f5580000)
  object space 349696K, 100% used [0x00000000e0000000,0x00000000f5580000,0x00000000f5580000)
 Metaspace       used 62537K, committed 63808K, reserved 1114112K
  class space    used 6205K, committed 6720K, reserved 1048576K
}
Event: 1149.782 GC heap after
{Heap after GC invocations=974 (full 847):
 PSYoungGen      total 67584K, used 37376K [0x00000000f5580000, 0x00000000fb600000, 0x0000000100000000)
  eden space 37376K, 100% used [0x00000000f5580000,0x00000000f7a00000,0x00000000f7a00000)
  from space 30208K, 0% used [0x00000000f7a00000,0x00000000f7a00000,0x00000000f9780000)
  to   space 28672K, 0% used [0x00000000f9a00000,0x00000000f9a00000,0x00000000fb600000)
 ParOldGen       total 349696K, used 349696K [0x00000000e0000000, 0x00000000f5580000, 0x00000000f5580000)
  object space 349696K, 100% used [0x00000000e0000000,0x00000000f5580000,0x00000000f5580000)
 Metaspace       used 62537K, committed 63808K, reserved 1114112K
  class space    used 6205K, committed 6720K, reserved 1048576K
}
Event: 1149.782 GC heap before
{Heap before GC invocations=975 (full 848):
 PSYoungGen      total 67584K, used 37376K [0x00000000f5580000, 0x00000000fb600000, 0x0000000100000000)
  eden space 37376K, 100% used [0x00000000f5580000,0x00000000f7a00000,0x00000000f7a00000)
  from space 30208K, 0% used [0x00000000f7a00000,0x00000000f7a00000,0x00000000f9780000)
  to   space 28672K, 0% used [0x00000000f9a00000,0x00000000f9a00000,0x00000000fb600000)
 ParOldGen       total 349696K, used 349696K [0x00000000e0000000, 0x00000000f5580000, 0x00000000f5580000)
  object space 349696K, 100% used [0x00000000e0000000,0x00000000f5580000,0x00000000f5580000)
 Metaspace       used 62537K, committed 63808K, reserved 1114112K
  class space    used 6205K, committed 6720K, reserved 1048576K
}
Event: 1151.036 GC heap after
{Heap after GC invocations=975 (full 848):
 PSYoungGen      total 66048K, used 37376K [0x00000000f5580000, 0x00000000fb600000, 0x0000000100000000)
  eden space 37376K, 100% used [0x00000000f5580000,0x00000000f7a00000,0x00000000f7a00000)
  from space 28672K, 0% used [0x00000000f9a00000,0x00000000f9a00000,0x00000000fb600000)
  to   space 30208K, 0% used [0x00000000f7a00000,0x00000000f7a00000,0x00000000f9780000)
 ParOldGen       total 349696K, used 349695K [0x00000000e0000000, 0x00000000f5580000, 0x00000000f5580000)
  object space 349696K, 99% used [0x00000000e0000000,0x00000000f557ffe0,0x00000000f5580000)
 Metaspace       used 62537K, committed 63808K, reserved 1114112K
  class space    used 6205K, committed 6720K, reserved 1048576K
}
Event: 1151.037 GC heap before
{Heap before GC invocations=976 (full 849):
 PSYoungGen      total 66048K, used 37376K [0x00000000f5580000, 0x00000000fb600000, 0x0000000100000000)
  eden space 37376K, 100% used [0x00000000f5580000,0x00000000f7a00000,0x00000000f7a00000)
  from space 28672K, 0% used [0x00000000f9a00000,0x00000000f9a00000,0x00000000fb600000)
  to   space 30208K, 0% used [0x00000000f7a00000,0x00000000f7a00000,0x00000000f9780000)
 ParOldGen       total 349696K, used 349695K [0x00000000e0000000, 0x00000000f5580000, 0x00000000f5580000)
  object space 349696K, 99% used [0x00000000e0000000,0x00000000f557fff8,0x00000000f5580000)
 Metaspace       used 62537K, committed 63808K, reserved 1114112K
  class space    used 6205K, committed 6720K, reserved 1048576K
}
Event: 1152.274 GC heap after
{Heap after GC invocations=976 (full 849):
 PSYoungGen      total 67584K, used 37376K [0x00000000f5580000, 0x00000000fb600000, 0x0000000100000000)
  eden space 37376K, 100% used [0x00000000f5580000,0x00000000f7a00000,0x00000000f7a00000)
  from space 30208K, 0% used [0x00000000f7a00000,0x00000000f7a00000,0x00000000f9780000)
  to   space 28672K, 0% used [0x00000000f9a00000,0x00000000f9a00000,0x00000000fb600000)
 ParOldGen       total 349696K, used 349695K [0x00000000e0000000, 0x00000000f5580000, 0x00000000f5580000)
  object space 349696K, 99% used [0x00000000e0000000,0x00000000f557fff8,0x00000000f5580000)
 Metaspace       used 62537K, committed 63808K, reserved 1114112K
  class space    used 6205K, committed 6720K, reserved 1048576K
}
Event: 1152.274 GC heap before
{Heap before GC invocations=977 (full 850):
 PSYoungGen      total 67584K, used 37376K [0x00000000f5580000, 0x00000000fb600000, 0x0000000100000000)
  eden space 37376K, 100% used [0x00000000f5580000,0x00000000f7a00000,0x00000000f7a00000)
  from space 30208K, 0% used [0x00000000f7a00000,0x00000000f7a00000,0x00000000f9780000)
  to   space 28672K, 0% used [0x00000000f9a00000,0x00000000f9a00000,0x00000000fb600000)
 ParOldGen       total 349696K, used 349695K [0x00000000e0000000, 0x00000000f5580000, 0x00000000f5580000)
  object space 349696K, 99% used [0x00000000e0000000,0x00000000f557fff8,0x00000000f5580000)
 Metaspace       used 62537K, committed 63808K, reserved 1114112K
  class space    used 6205K, committed 6720K, reserved 1048576K
}
Event: 1153.459 GC heap after
{Heap after GC invocations=977 (full 850):
 PSYoungGen      total 66048K, used 37376K [0x00000000f5580000, 0x00000000fb600000, 0x0000000100000000)
  eden space 37376K, 100% used [0x00000000f5580000,0x00000000f7a00000,0x00000000f7a00000)
  from space 28672K, 0% used [0x00000000f9a00000,0x00000000f9a00000,0x00000000fb600000)
  to   space 30208K, 0% used [0x00000000f7a00000,0x00000000f7a00000,0x00000000f9780000)
 ParOldGen       total 349696K, used 349695K [0x00000000e0000000, 0x00000000f5580000, 0x00000000f5580000)
  object space 349696K, 99% used [0x00000000e0000000,0x00000000f557fff8,0x00000000f5580000)
 Metaspace       used 62537K, committed 63808K, reserved 1114112K
  class space    used 6205K, committed 6720K, reserved 1048576K
}
Event: 1153.459 GC heap before
{Heap before GC invocations=978 (full 851):
 PSYoungGen      total 66048K, used 37376K [0x00000000f5580000, 0x00000000fb600000, 0x0000000100000000)
  eden space 37376K, 100% used [0x00000000f5580000,0x00000000f7a00000,0x00000000f7a00000)
  from space 28672K, 0% used [0x00000000f9a00000,0x00000000f9a00000,0x00000000fb600000)
  to   space 30208K, 0% used [0x00000000f7a00000,0x00000000f7a00000,0x00000000f9780000)
 ParOldGen       total 349696K, used 349695K [0x00000000e0000000, 0x00000000f5580000, 0x00000000f5580000)
  object space 349696K, 99% used [0x00000000e0000000,0x00000000f557fff8,0x00000000f5580000)
 Metaspace       used 62537K, committed 63808K, reserved 1114112K
  class space    used 6205K, committed 6720K, reserved 1048576K
}
Event: 1154.743 GC heap after
{Heap after GC invocations=978 (full 851):
 PSYoungGen      total 67584K, used 37376K [0x00000000f5580000, 0x00000000fb600000, 0x0000000100000000)
  eden space 37376K, 100% used [0x00000000f5580000,0x00000000f7a00000,0x00000000f7a00000)
  from space 30208K, 0% used [0x00000000f7a00000,0x00000000f7a00000,0x00000000f9780000)
  to   space 28672K, 0% used [0x00000000f9a00000,0x00000000f9a00000,0x00000000fb600000)
 ParOldGen       total 349696K, used 349695K [0x00000000e0000000, 0x00000000f5580000, 0x00000000f5580000)
  object space 349696K, 99% used [0x00000000e0000000,0x00000000f557fff8,0x00000000f5580000)
 Metaspace       used 62537K, committed 63808K, reserved 1114112K
  class space    used 6205K, committed 6720K, reserved 1048576K
}
Event: 1154.743 GC heap before
{Heap before GC invocations=979 (full 852):
 PSYoungGen      total 67584K, used 37376K [0x00000000f5580000, 0x00000000fb600000, 0x0000000100000000)
  eden space 37376K, 100% used [0x00000000f5580000,0x00000000f7a00000,0x00000000f7a00000)
  from space 30208K, 0% used [0x00000000f7a00000,0x00000000f7a00000,0x00000000f9780000)
  to   space 28672K, 0% used [0x00000000f9a00000,0x00000000f9a00000,0x00000000fb600000)
 ParOldGen       total 349696K, used 349695K [0x00000000e0000000, 0x00000000f5580000, 0x00000000f5580000)
  object space 349696K, 99% used [0x00000000e0000000,0x00000000f557fff8,0x00000000f5580000)
 Metaspace       used 62537K, committed 63808K, reserved 1114112K
  class space    used 6205K, committed 6720K, reserved 1048576K
}
Event: 1155.952 GC heap after
{Heap after GC invocations=979 (full 852):
 PSYoungGen      total 66048K, used 37376K [0x00000000f5580000, 0x00000000fb600000, 0x0000000100000000)
  eden space 37376K, 100% used [0x00000000f5580000,0x00000000f7a00000,0x00000000f7a00000)
  from space 28672K, 0% used [0x00000000f9a00000,0x00000000f9a00000,0x00000000fb600000)
  to   space 30208K, 0% used [0x00000000f7a00000,0x00000000f7a00000,0x00000000f9780000)
 ParOldGen       total 349696K, used 349695K [0x00000000e0000000, 0x00000000f5580000, 0x00000000f5580000)
  object space 349696K, 99% used [0x00000000e0000000,0x00000000f557fff8,0x00000000f5580000)
 Metaspace       used 62537K, committed 63808K, reserved 1114112K
  class space    used 6205K, committed 6720K, reserved 1048576K
}
Event: 1155.953 GC heap before
{Heap before GC invocations=980 (full 853):
 PSYoungGen      total 66048K, used 37376K [0x00000000f5580000, 0x00000000fb600000, 0x0000000100000000)
  eden space 37376K, 100% used [0x00000000f5580000,0x00000000f7a00000,0x00000000f7a00000)
  from space 28672K, 0% used [0x00000000f9a00000,0x00000000f9a00000,0x00000000fb600000)
  to   space 30208K, 0% used [0x00000000f7a00000,0x00000000f7a00000,0x00000000f9780000)
 ParOldGen       total 349696K, used 349695K [0x00000000e0000000, 0x00000000f5580000, 0x00000000f5580000)
  object space 349696K, 99% used [0x00000000e0000000,0x00000000f557fff8,0x00000000f5580000)
 Metaspace       used 62537K, committed 63808K, reserved 1114112K
  class space    used 6205K, committed 6720K, reserved 1048576K
}
Event: 1157.256 GC heap after
{Heap after GC invocations=980 (full 853):
 PSYoungGen      total 67584K, used 37376K [0x00000000f5580000, 0x00000000fb600000, 0x0000000100000000)
  eden space 37376K, 100% used [0x00000000f5580000,0x00000000f7a00000,0x00000000f7a00000)
  from space 30208K, 0% used [0x00000000f7a00000,0x00000000f7a00000,0x00000000f9780000)
  to   space 28672K, 0% used [0x00000000f9a00000,0x00000000f9a00000,0x00000000fb600000)
 ParOldGen       total 349696K, used 349695K [0x00000000e0000000, 0x00000000f5580000, 0x00000000f5580000)
  object space 349696K, 99% used [0x00000000e0000000,0x00000000f557fff8,0x00000000f5580000)
 Metaspace       used 62537K, committed 63808K, reserved 1114112K
  class space    used 6205K, committed 6720K, reserved 1048576K
}
Event: 1157.256 GC heap before
{Heap before GC invocations=981 (full 854):
 PSYoungGen      total 67584K, used 37376K [0x00000000f5580000, 0x00000000fb600000, 0x0000000100000000)
  eden space 37376K, 100% used [0x00000000f5580000,0x00000000f7a00000,0x00000000f7a00000)
  from space 30208K, 0% used [0x00000000f7a00000,0x00000000f7a00000,0x00000000f9780000)
  to   space 28672K, 0% used [0x00000000f9a00000,0x00000000f9a00000,0x00000000fb600000)
 ParOldGen       total 349696K, used 349695K [0x00000000e0000000, 0x00000000f5580000, 0x00000000f5580000)
  object space 349696K, 99% used [0x00000000e0000000,0x00000000f557fff8,0x00000000f5580000)
 Metaspace       used 62537K, committed 63808K, reserved 1114112K
  class space    used 6205K, committed 6720K, reserved 1048576K
}
Event: 1158.462 GC heap after
{Heap after GC invocations=981 (full 854):
 PSYoungGen      total 66048K, used 37376K [0x00000000f5580000, 0x00000000fb600000, 0x0000000100000000)
  eden space 37376K, 100% used [0x00000000f5580000,0x00000000f7a00000,0x00000000f7a00000)
  from space 28672K, 0% used [0x00000000f9a00000,0x00000000f9a00000,0x00000000fb600000)
  to   space 30208K, 0% used [0x00000000f7a00000,0x00000000f7a00000,0x00000000f9780000)
 ParOldGen       total 349696K, used 349695K [0x00000000e0000000, 0x00000000f5580000, 0x00000000f5580000)
  object space 349696K, 99% used [0x00000000e0000000,0x00000000f557fff8,0x00000000f5580000)
 Metaspace       used 62537K, committed 63808K, reserved 1114112K
  class space    used 6205K, committed 6720K, reserved 1048576K
}
Event: 1158.462 GC heap before
{Heap before GC invocations=982 (full 855):
 PSYoungGen      total 66048K, used 37376K [0x00000000f5580000, 0x00000000fb600000, 0x0000000100000000)
  eden space 37376K, 100% used [0x00000000f5580000,0x00000000f7a00000,0x00000000f7a00000)
  from space 28672K, 0% used [0x00000000f9a00000,0x00000000f9a00000,0x00000000fb600000)
  to   space 30208K, 0% used [0x00000000f7a00000,0x00000000f7a00000,0x00000000f9780000)
 ParOldGen       total 349696K, used 349695K [0x00000000e0000000, 0x00000000f5580000, 0x00000000f5580000)
  object space 349696K, 99% used [0x00000000e0000000,0x00000000f557fff8,0x00000000f5580000)
 Metaspace       used 62537K, committed 63808K, reserved 1114112K
  class space    used 6205K, committed 6720K, reserved 1048576K
}
Event: 1159.763 GC heap after
{Heap after GC invocations=982 (full 855):
 PSYoungGen      total 67584K, used 37376K [0x00000000f5580000, 0x00000000fb600000, 0x0000000100000000)
  eden space 37376K, 100% used [0x00000000f5580000,0x00000000f7a00000,0x00000000f7a00000)
  from space 30208K, 0% used [0x00000000f7a00000,0x00000000f7a00000,0x00000000f9780000)
  to   space 28672K, 0% used [0x00000000f9a00000,0x00000000f9a00000,0x00000000fb600000)
 ParOldGen       total 349696K, used 349695K [0x00000000e0000000, 0x00000000f5580000, 0x00000000f5580000)
  object space 349696K, 99% used [0x00000000e0000000,0x00000000f557ffd8,0x00000000f5580000)
 Metaspace       used 62537K, committed 63808K, reserved 1114112K
  class space    used 6205K, committed 6720K, reserved 1048576K
}
Event: 1159.763 GC heap before
{Heap before GC invocations=983 (full 856):
 PSYoungGen      total 67584K, used 37376K [0x00000000f5580000, 0x00000000fb600000, 0x0000000100000000)
  eden space 37376K, 100% used [0x00000000f5580000,0x00000000f7a00000,0x00000000f7a00000)
  from space 30208K, 0% used [0x00000000f7a00000,0x00000000f7a00000,0x00000000f9780000)
  to   space 28672K, 0% used [0x00000000f9a00000,0x00000000f9a00000,0x00000000fb600000)
 ParOldGen       total 349696K, used 349695K [0x00000000e0000000, 0x00000000f5580000, 0x00000000f5580000)
  object space 349696K, 99% used [0x00000000e0000000,0x00000000f557ffd8,0x00000000f5580000)
 Metaspace       used 62537K, committed 63808K, reserved 1114112K
  class space    used 6205K, committed 6720K, reserved 1048576K
}
Event: 1161.281 GC heap after
{Heap after GC invocations=983 (full 856):
 PSYoungGen      total 66048K, used 37376K [0x00000000f5580000, 0x00000000fb600000, 0x0000000100000000)
  eden space 37376K, 100% used [0x00000000f5580000,0x00000000f7a00000,0x00000000f7a00000)
  from space 28672K, 0% used [0x00000000f9a00000,0x00000000f9a00000,0x00000000fb600000)
  to   space 30208K, 0% used [0x00000000f7a00000,0x00000000f7a00000,0x00000000f9780000)
 ParOldGen       total 349696K, used 349695K [0x00000000e0000000, 0x00000000f5580000, 0x00000000f5580000)
  object space 349696K, 99% used [0x00000000e0000000,0x00000000f557ffd8,0x00000000f5580000)
 Metaspace       used 62537K, committed 63808K, reserved 1114112K
  class space    used 6205K, committed 6720K, reserved 1048576K
}

